The target system is: Generic - 2.3.0 - arm
The host system is: Linux - 4.15.0-115-generic - x86_64
Compiling the C compiler identification source file "CMakeCCompilerId.c" succeeded.
Compiler: /home/nejc/gnuarmemb/bin/arm-none-eabi-gcc 
Build flags: 
Id flags: -c 

The output was:
0


Compilation of the C compiler identification source "CMakeCCompilerId.c" produced "CMakeCCompilerId.o"

The C compiler identification is GNU, found in "/home/nejc/ncs/nrf/applications/nrf-test-tool/zephyr/build/CMakeFiles/3.18.4/CompilerIdC/CMakeCCompilerId.o"

Compiling the CXX compiler identification source file "CMakeCXXCompilerId.cpp" succeeded.
Compiler: /home/nejc/gnuarmemb/bin/arm-none-eabi-g++ 
Build flags: 
Id flags: -c 

The output was:
0


Compilation of the CXX compiler identification source "CMakeCXXCompilerId.cpp" produced "CMakeCXXCompilerId.o"

The CXX compiler identification is GNU, found in "/home/nejc/ncs/nrf/applications/nrf-test-tool/zephyr/build/CMakeFiles/3.18.4/CompilerIdCXX/CMakeCXXCompilerId.o"

Checking whether the ASM compiler is GNU using "--version" matched "(GNU assembler)|(GCC)|(Free Software Foundation)":
arm-none-eabi-gcc (GNU Tools for Arm Embedded Processors 9-2019-q4-major) 9.2.1 20191025 (release) [ARM/arm-9-branch revision 277599]
Copyright (C) 2019 Free Software Foundation, Inc.
This is free software; see the source for copying conditions.  There is NO
warranty; not even for MERCHANTABILITY or FITNESS FOR A PARTICULAR PURPOSE.

Performing C SOURCE FILE Test check_C__nostartfiles__nostdlib__isystem___home_nejc_gnuarmemb_bin____lib_gcc_arm_none_eabi_9_2_1_include___isystem___home_nejc_gnuarmemb_bin____lib_gcc_arm_none_eabi_9_2_1_include_fixed___Wl___unresolved_symbols_ignore_in_object_files__Wl___entry_0 succeeded with the following output:
Change Dir: /home/nejc/ncs/nrf/applications/nrf-test-tool/zephyr/build/CMakeFiles/CMakeTmp

Run Build Command(s):/usr/bin/ninja cmTC_65117 && [1/2] Building C object CMakeFiles/cmTC_65117.dir/src.c.obj
[2/2] Linking C executable cmTC_65117


Source file was:
int main(void) { return 0; }
Performing C SOURCE FILE Test check_C__nostartfiles__nostdlib__isystem___home_nejc_gnuarmemb_bin____lib_gcc_arm_none_eabi_9_2_1_include___isystem___home_nejc_gnuarmemb_bin____lib_gcc_arm_none_eabi_9_2_1_include_fixed___Wl___unresolved_symbols_ignore_in_object_files__Wl___entry_0__mcpu_cortex_m33 succeeded with the following output:
Change Dir: /home/nejc/ncs/nrf/applications/nrf-test-tool/zephyr/build/CMakeFiles/CMakeTmp

Run Build Command(s):/usr/bin/ninja cmTC_d3ef9 && [1/2] Building C object CMakeFiles/cmTC_d3ef9.dir/src.c.obj
[2/2] Linking C executable cmTC_d3ef9


Source file was:
int main(void) { return 0; }
Performing C SOURCE FILE Test check_C__nostartfiles__nostdlib__isystem___home_nejc_gnuarmemb_bin____lib_gcc_arm_none_eabi_9_2_1_include___isystem___home_nejc_gnuarmemb_bin____lib_gcc_arm_none_eabi_9_2_1_include_fixed___Wl___unresolved_symbols_ignore_in_object_files__Wl___entry_0__mthumb succeeded with the following output:
Change Dir: /home/nejc/ncs/nrf/applications/nrf-test-tool/zephyr/build/CMakeFiles/CMakeTmp

Run Build Command(s):/usr/bin/ninja cmTC_47daf && [1/2] Building C object CMakeFiles/cmTC_47daf.dir/src.c.obj
[2/2] Linking C executable cmTC_47daf


Source file was:
int main(void) { return 0; }
Performing C SOURCE FILE Test check_C__nostartfiles__nostdlib__isystem___home_nejc_gnuarmemb_bin____lib_gcc_arm_none_eabi_9_2_1_include___isystem___home_nejc_gnuarmemb_bin____lib_gcc_arm_none_eabi_9_2_1_include_fixed___Wl___unresolved_symbols_ignore_in_object_files__Wl___entry_0__mabi_aapcs succeeded with the following output:
Change Dir: /home/nejc/ncs/nrf/applications/nrf-test-tool/zephyr/build/CMakeFiles/CMakeTmp

Run Build Command(s):/usr/bin/ninja cmTC_3b735 && [1/2] Building C object CMakeFiles/cmTC_3b735.dir/src.c.obj
[2/2] Linking C executable cmTC_3b735


Source file was:
int main(void) { return 0; }
Performing C SOURCE FILE Test check_C__nostartfiles__nostdlib__isystem___home_nejc_gnuarmemb_bin____lib_gcc_arm_none_eabi_9_2_1_include___isystem___home_nejc_gnuarmemb_bin____lib_gcc_arm_none_eabi_9_2_1_include_fixed___Wl___unresolved_symbols_ignore_in_object_files__Wl___entry_0__Wl___gc_sections succeeded with the following output:
Change Dir: /home/nejc/ncs/nrf/applications/nrf-test-tool/zephyr/build/CMakeFiles/CMakeTmp

Run Build Command(s):/usr/bin/ninja cmTC_f4a32 && [1/2] Building C object CMakeFiles/cmTC_f4a32.dir/src.c.obj
[2/2] Linking C executable cmTC_f4a32


Source file was:
int main(void) { return 0; }
Performing C SOURCE FILE Test check_C__nostartfiles__nostdlib__isystem___home_nejc_gnuarmemb_bin____lib_gcc_arm_none_eabi_9_2_1_include___isystem___home_nejc_gnuarmemb_bin____lib_gcc_arm_none_eabi_9_2_1_include_fixed___Wl___unresolved_symbols_ignore_in_object_files__Wl___entry_0__Wl___build_id_none succeeded with the following output:
Change Dir: /home/nejc/ncs/nrf/applications/nrf-test-tool/zephyr/build/CMakeFiles/CMakeTmp

Run Build Command(s):/usr/bin/ninja cmTC_f3ce8 && [1/2] Building C object CMakeFiles/cmTC_f3ce8.dir/src.c.obj
[2/2] Linking C executable cmTC_f3ce8


Source file was:
int main(void) { return 0; }
Performing C SOURCE FILE Test check_C__nostartfiles__nostdlib__isystem___home_nejc_gnuarmemb_bin____lib_gcc_arm_none_eabi_9_2_1_include___isystem___home_nejc_gnuarmemb_bin____lib_gcc_arm_none_eabi_9_2_1_include_fixed___Wl___unresolved_symbols_ignore_in_object_files__Wl___entry_0__Wl___sort_common_descending succeeded with the following output:
Change Dir: /home/nejc/ncs/nrf/applications/nrf-test-tool/zephyr/build/CMakeFiles/CMakeTmp

Run Build Command(s):/usr/bin/ninja cmTC_5c4e7 && [1/2] Building C object CMakeFiles/cmTC_5c4e7.dir/src.c.obj
[2/2] Linking C executable cmTC_5c4e7


Source file was:
int main(void) { return 0; }
Performing C SOURCE FILE Test check_C__nostartfiles__nostdlib__isystem___home_nejc_gnuarmemb_bin____lib_gcc_arm_none_eabi_9_2_1_include___isystem___home_nejc_gnuarmemb_bin____lib_gcc_arm_none_eabi_9_2_1_include_fixed___Wl___unresolved_symbols_ignore_in_object_files__Wl___entry_0__Wl___sort_section_alignment succeeded with the following output:
Change Dir: /home/nejc/ncs/nrf/applications/nrf-test-tool/zephyr/build/CMakeFiles/CMakeTmp

Run Build Command(s):/usr/bin/ninja cmTC_89f27 && [1/2] Building C object CMakeFiles/cmTC_89f27.dir/src.c.obj
[2/2] Linking C executable cmTC_89f27


Source file was:
int main(void) { return 0; }
Performing C SOURCE FILE Test check_C__nostartfiles__nostdlib__isystem___home_nejc_gnuarmemb_bin____lib_gcc_arm_none_eabi_9_2_1_include___isystem___home_nejc_gnuarmemb_bin____lib_gcc_arm_none_eabi_9_2_1_include_fixed___Wl___unresolved_symbols_ignore_in_object_files__Wl___entry_0__nostdlib succeeded with the following output:
Change Dir: /home/nejc/ncs/nrf/applications/nrf-test-tool/zephyr/build/CMakeFiles/CMakeTmp

Run Build Command(s):/usr/bin/ninja cmTC_e3bd3 && [1/2] Building C object CMakeFiles/cmTC_e3bd3.dir/src.c.obj
[2/2] Linking C executable cmTC_e3bd3


Source file was:
int main(void) { return 0; }
Performing C SOURCE FILE Test check_C__nostartfiles__nostdlib__isystem___home_nejc_gnuarmemb_bin____lib_gcc_arm_none_eabi_9_2_1_include___isystem___home_nejc_gnuarmemb_bin____lib_gcc_arm_none_eabi_9_2_1_include_fixed___Wl___unresolved_symbols_ignore_in_object_files__Wl___entry_0__static succeeded with the following output:
Change Dir: /home/nejc/ncs/nrf/applications/nrf-test-tool/zephyr/build/CMakeFiles/CMakeTmp

Run Build Command(s):/usr/bin/ninja cmTC_6d20e && [1/2] Building C object CMakeFiles/cmTC_6d20e.dir/src.c.obj
[2/2] Linking C executable cmTC_6d20e


Source file was:
int main(void) { return 0; }
Performing C SOURCE FILE Test check_C__nostartfiles__nostdlib__isystem___home_nejc_gnuarmemb_bin____lib_gcc_arm_none_eabi_9_2_1_include___isystem___home_nejc_gnuarmemb_bin____lib_gcc_arm_none_eabi_9_2_1_include_fixed___Wl___unresolved_symbols_ignore_in_object_files__Wl___entry_0__no_pie succeeded with the following output:
Change Dir: /home/nejc/ncs/nrf/applications/nrf-test-tool/zephyr/build/CMakeFiles/CMakeTmp

Run Build Command(s):/usr/bin/ninja cmTC_38c12 && [1/2] Building C object CMakeFiles/cmTC_38c12.dir/src.c.obj
[2/2] Linking C executable cmTC_38c12


Source file was:
int main(void) { return 0; }
Performing C SOURCE FILE Test check_C__nostartfiles__nostdlib__isystem___home_nejc_gnuarmemb_bin____lib_gcc_arm_none_eabi_9_2_1_include___isystem___home_nejc_gnuarmemb_bin____lib_gcc_arm_none_eabi_9_2_1_include_fixed___Wl___unresolved_symbols_ignore_in_object_files__Wl___entry_0__Wl__X succeeded with the following output:
Change Dir: /home/nejc/ncs/nrf/applications/nrf-test-tool/zephyr/build/CMakeFiles/CMakeTmp

Run Build Command(s):/usr/bin/ninja cmTC_28c02 && [1/2] Building C object CMakeFiles/cmTC_28c02.dir/src.c.obj
[2/2] Linking C executable cmTC_28c02


Source file was:
int main(void) { return 0; }
Performing C SOURCE FILE Test check_C__nostartfiles__nostdlib__isystem___home_nejc_gnuarmemb_bin____lib_gcc_arm_none_eabi_9_2_1_include___isystem___home_nejc_gnuarmemb_bin____lib_gcc_arm_none_eabi_9_2_1_include_fixed___Wl___unresolved_symbols_ignore_in_object_files__Wl___entry_0__Wl__N succeeded with the following output:
Change Dir: /home/nejc/ncs/nrf/applications/nrf-test-tool/zephyr/build/CMakeFiles/CMakeTmp

Run Build Command(s):/usr/bin/ninja cmTC_ee21d && [1/2] Building C object CMakeFiles/cmTC_ee21d.dir/src.c.obj
[2/2] Linking C executable cmTC_ee21d


Source file was:
int main(void) { return 0; }
Performing C SOURCE FILE Test check_C__nostartfiles__nostdlib__isystem___home_nejc_gnuarmemb_bin____lib_gcc_arm_none_eabi_9_2_1_include___isystem___home_nejc_gnuarmemb_bin____lib_gcc_arm_none_eabi_9_2_1_include_fixed___Wl___unresolved_symbols_ignore_in_object_files__Wl___entry_0__Wl___orphan_handling_warn succeeded with the following output:
Change Dir: /home/nejc/ncs/nrf/applications/nrf-test-tool/zephyr/build/CMakeFiles/CMakeTmp

Run Build Command(s):/usr/bin/ninja cmTC_52e83 && [1/2] Building C object CMakeFiles/cmTC_52e83.dir/src.c.obj
[2/2] Linking C executable cmTC_52e83


Source file was:
int main(void) { return 0; }
Performing C SOURCE FILE Test check_Wpointer_sign_C__nostartfiles__nostdlib__isystem___home_nejc_gnuarmemb_bin____lib_gcc_arm_none_eabi_9_2_1_include___isystem___home_nejc_gnuarmemb_bin____lib_gcc_arm_none_eabi_9_2_1_include_fixed___Wl___unresolved_symbols_ignore_in_object_files__Wl___entry_0 succeeded with the following output:
Change Dir: /home/nejc/ncs/nrf/applications/nrf-test-tool/zephyr/build/CMakeFiles/CMakeTmp

Run Build Command(s):/usr/bin/ninja cmTC_4aa80 && [1/2] Building C object CMakeFiles/cmTC_4aa80.dir/src.c.obj
[2/2] Linking C executable cmTC_4aa80


Source file was:
int main(void) { return 0; }
Performing C SOURCE FILE Test check_Wpointer_arith_C__nostartfiles__nostdlib__isystem___home_nejc_gnuarmemb_bin____lib_gcc_arm_none_eabi_9_2_1_include___isystem___home_nejc_gnuarmemb_bin____lib_gcc_arm_none_eabi_9_2_1_include_fixed___Wl___unresolved_symbols_ignore_in_object_files__Wl___entry_0 succeeded with the following output:
Change Dir: /home/nejc/ncs/nrf/applications/nrf-test-tool/zephyr/build/CMakeFiles/CMakeTmp

Run Build Command(s):/usr/bin/ninja cmTC_95682 && [1/2] Building C object CMakeFiles/cmTC_95682.dir/src.c.obj
[2/2] Linking C executable cmTC_95682


Source file was:
int main(void) { return 0; }
Performing C SOURCE FILE Test check_Wunused_but_set_variable_C__nostartfiles__nostdlib__isystem___home_nejc_gnuarmemb_bin____lib_gcc_arm_none_eabi_9_2_1_include___isystem___home_nejc_gnuarmemb_bin____lib_gcc_arm_none_eabi_9_2_1_include_fixed___Wl___unresolved_symbols_ignore_in_object_files__Wl___entry_0 succeeded with the following output:
Change Dir: /home/nejc/ncs/nrf/applications/nrf-test-tool/zephyr/build/CMakeFiles/CMakeTmp

Run Build Command(s):/usr/bin/ninja cmTC_23e5f && [1/2] Building C object CMakeFiles/cmTC_23e5f.dir/src.c.obj
[2/2] Linking C executable cmTC_23e5f


Source file was:
int main(void) { return 0; }
Performing C SOURCE FILE Test check_Werror_implicit_int_C__nostartfiles__nostdlib__isystem___home_nejc_gnuarmemb_bin____lib_gcc_arm_none_eabi_9_2_1_include___isystem___home_nejc_gnuarmemb_bin____lib_gcc_arm_none_eabi_9_2_1_include_fixed___Wl___unresolved_symbols_ignore_in_object_files__Wl___entry_0 succeeded with the following output:
Change Dir: /home/nejc/ncs/nrf/applications/nrf-test-tool/zephyr/build/CMakeFiles/CMakeTmp

Run Build Command(s):/usr/bin/ninja cmTC_62890 && [1/2] Building C object CMakeFiles/cmTC_62890.dir/src.c.obj
[2/2] Linking C executable cmTC_62890


Source file was:
int main(void) { return 0; }
Performing C SOURCE FILE Test check_fno_asynchronous_unwind_tables_C__nostartfiles__nostdlib__isystem___home_nejc_gnuarmemb_bin____lib_gcc_arm_none_eabi_9_2_1_include___isystem___home_nejc_gnuarmemb_bin____lib_gcc_arm_none_eabi_9_2_1_include_fixed___Wl___unresolved_symbols_ignore_in_object_files__Wl___entry_0 succeeded with the following output:
Change Dir: /home/nejc/ncs/nrf/applications/nrf-test-tool/zephyr/build/CMakeFiles/CMakeTmp

Run Build Command(s):/usr/bin/ninja cmTC_e5ed1 && [1/2] Building C object CMakeFiles/cmTC_e5ed1.dir/src.c.obj
[2/2] Linking C executable cmTC_e5ed1


Source file was:
int main(void) { return 0; }
Performing C SOURCE FILE Test check_fno_pie_C__nostartfiles__nostdlib__isystem___home_nejc_gnuarmemb_bin____lib_gcc_arm_none_eabi_9_2_1_include___isystem___home_nejc_gnuarmemb_bin____lib_gcc_arm_none_eabi_9_2_1_include_fixed___Wl___unresolved_symbols_ignore_in_object_files__Wl___entry_0 succeeded with the following output:
Change Dir: /home/nejc/ncs/nrf/applications/nrf-test-tool/zephyr/build/CMakeFiles/CMakeTmp

Run Build Command(s):/usr/bin/ninja cmTC_26728 && [1/2] Building C object CMakeFiles/cmTC_26728.dir/src.c.obj
[2/2] Linking C executable cmTC_26728


Source file was:
int main(void) { return 0; }
Performing C SOURCE FILE Test check_fno_pic_C__nostartfiles__nostdlib__isystem___home_nejc_gnuarmemb_bin____lib_gcc_arm_none_eabi_9_2_1_include___isystem___home_nejc_gnuarmemb_bin____lib_gcc_arm_none_eabi_9_2_1_include_fixed___Wl___unresolved_symbols_ignore_in_object_files__Wl___entry_0 succeeded with the following output:
Change Dir: /home/nejc/ncs/nrf/applications/nrf-test-tool/zephyr/build/CMakeFiles/CMakeTmp

Run Build Command(s):/usr/bin/ninja cmTC_e3314 && [1/2] Building C object CMakeFiles/cmTC_e3314.dir/src.c.obj
[2/2] Linking C executable cmTC_e3314


Source file was:
int main(void) { return 0; }
Performing C SOURCE FILE Test check_fno_strict_overflow_C__nostartfiles__nostdlib__isystem___home_nejc_gnuarmemb_bin____lib_gcc_arm_none_eabi_9_2_1_include___isystem___home_nejc_gnuarmemb_bin____lib_gcc_arm_none_eabi_9_2_1_include_fixed___Wl___unresolved_symbols_ignore_in_object_files__Wl___entry_0 succeeded with the following output:
Change Dir: /home/nejc/ncs/nrf/applications/nrf-test-tool/zephyr/build/CMakeFiles/CMakeTmp

Run Build Command(s):/usr/bin/ninja cmTC_51ad4 && [1/2] Building C object CMakeFiles/cmTC_51ad4.dir/src.c.obj
[2/2] Linking C executable cmTC_51ad4


Source file was:
int main(void) { return 0; }
Performing C SOURCE FILE Test check_fno_reorder_functions_C__nostartfiles__nostdlib__isystem___home_nejc_gnuarmemb_bin____lib_gcc_arm_none_eabi_9_2_1_include___isystem___home_nejc_gnuarmemb_bin____lib_gcc_arm_none_eabi_9_2_1_include_fixed___Wl___unresolved_symbols_ignore_in_object_files__Wl___entry_0 succeeded with the following output:
Change Dir: /home/nejc/ncs/nrf/applications/nrf-test-tool/zephyr/build/CMakeFiles/CMakeTmp

Run Build Command(s):/usr/bin/ninja cmTC_aa56d && [1/2] Building C object CMakeFiles/cmTC_aa56d.dir/src.c.obj
[2/2] Linking C executable cmTC_aa56d


Source file was:
int main(void) { return 0; }
Performing C SOURCE FILE Test check_fno_defer_pop_C__nostartfiles__nostdlib__isystem___home_nejc_gnuarmemb_bin____lib_gcc_arm_none_eabi_9_2_1_include___isystem___home_nejc_gnuarmemb_bin____lib_gcc_arm_none_eabi_9_2_1_include_fixed___Wl___unresolved_symbols_ignore_in_object_files__Wl___entry_0 succeeded with the following output:
Change Dir: /home/nejc/ncs/nrf/applications/nrf-test-tool/zephyr/build/CMakeFiles/CMakeTmp

Run Build Command(s):/usr/bin/ninja cmTC_da5ad && [1/2] Building C object CMakeFiles/cmTC_da5ad.dir/src.c.obj
[2/2] Linking C executable cmTC_da5ad


Source file was:
int main(void) { return 0; }
Performing C SOURCE FILE Test check_fmacro_prefix_map__home_nejc_ncs_nrf_applications_nrf_test_tool_zephyr_CMAKE_SOURCE_DIR_C__nostartfiles__nostdlib__isystem___home_nejc_gnuarmemb_bin____lib_gcc_arm_none_eabi_9_2_1_include___isystem___home_nejc_gnuarmemb_bin____lib_gcc_arm_none_eabi_9_2_1_include_fixed___Wl___unresolved_symbols_ignore_in_object_files__Wl___entry_0 succeeded with the following output:
Change Dir: /home/nejc/ncs/nrf/applications/nrf-test-tool/zephyr/build/CMakeFiles/CMakeTmp

Run Build Command(s):/usr/bin/ninja cmTC_e657d && [1/2] Building C object CMakeFiles/cmTC_e657d.dir/src.c.obj
[2/2] Linking C executable cmTC_e657d


Source file was:
int main(void) { return 0; }
Performing C SOURCE FILE Test check_fmacro_prefix_map__home_nejc_ncs_zephyr_ZEPHYR_BASE_C__nostartfiles__nostdlib__isystem___home_nejc_gnuarmemb_bin____lib_gcc_arm_none_eabi_9_2_1_include___isystem___home_nejc_gnuarmemb_bin____lib_gcc_arm_none_eabi_9_2_1_include_fixed___Wl___unresolved_symbols_ignore_in_object_files__Wl___entry_0 succeeded with the following output:
Change Dir: /home/nejc/ncs/nrf/applications/nrf-test-tool/zephyr/build/CMakeFiles/CMakeTmp

Run Build Command(s):/usr/bin/ninja cmTC_66c15 && [1/2] Building C object CMakeFiles/cmTC_66c15.dir/src.c.obj
[2/2] Linking C executable cmTC_66c15


Source file was:
int main(void) { return 0; }
Performing C SOURCE FILE Test check_fmacro_prefix_map__home_nejc_ncs_WEST_TOPDIR_C__nostartfiles__nostdlib__isystem___home_nejc_gnuarmemb_bin____lib_gcc_arm_none_eabi_9_2_1_include___isystem___home_nejc_gnuarmemb_bin____lib_gcc_arm_none_eabi_9_2_1_include_fixed___Wl___unresolved_symbols_ignore_in_object_files__Wl___entry_0 succeeded with the following output:
Change Dir: /home/nejc/ncs/nrf/applications/nrf-test-tool/zephyr/build/CMakeFiles/CMakeTmp

Run Build Command(s):/usr/bin/ninja cmTC_d28a9 && [1/2] Building C object CMakeFiles/cmTC_d28a9.dir/src.c.obj
[2/2] Linking C executable cmTC_d28a9


Source file was:
int main(void) { return 0; }
Performing C SOURCE FILE Test check_ffunction_sections_C__nostartfiles__nostdlib__isystem___home_nejc_gnuarmemb_bin____lib_gcc_arm_none_eabi_9_2_1_include___isystem___home_nejc_gnuarmemb_bin____lib_gcc_arm_none_eabi_9_2_1_include_fixed___Wl___unresolved_symbols_ignore_in_object_files__Wl___entry_0 succeeded with the following output:
Change Dir: /home/nejc/ncs/nrf/applications/nrf-test-tool/zephyr/build/CMakeFiles/CMakeTmp

Run Build Command(s):/usr/bin/ninja cmTC_3f70c && [1/2] Building C object CMakeFiles/cmTC_3f70c.dir/src.c.obj
[2/2] Linking C executable cmTC_3f70c


Source file was:
int main(void) { return 0; }
Performing C SOURCE FILE Test check_fdata_sections_C__nostartfiles__nostdlib__isystem___home_nejc_gnuarmemb_bin____lib_gcc_arm_none_eabi_9_2_1_include___isystem___home_nejc_gnuarmemb_bin____lib_gcc_arm_none_eabi_9_2_1_include_fixed___Wl___unresolved_symbols_ignore_in_object_files__Wl___entry_0 succeeded with the following output:
Change Dir: /home/nejc/ncs/nrf/applications/nrf-test-tool/zephyr/build/CMakeFiles/CMakeTmp

Run Build Command(s):/usr/bin/ninja cmTC_a2932 && [1/2] Building C object CMakeFiles/cmTC_a2932.dir/src.c.obj
[2/2] Linking C executable cmTC_a2932


Source file was:
int main(void) { return 0; }
Performing C SOURCE FILE Test check_C__nostartfiles__nostdlib__isystem___home_nejc_gnuarmemb_bin____lib_gcc_arm_none_eabi_9_2_1_include___isystem___home_nejc_gnuarmemb_bin____lib_gcc_arm_none_eabi_9_2_1_include_fixed___Wl___unresolved_symbols_ignore_in_object_files__Wl___entry_0__Wl___print_memory_usage succeeded with the following output:
Change Dir: /home/nejc/ncs/nrf/applications/nrf-test-tool/zephyr/build/CMakeFiles/CMakeTmp

Run Build Command(s):/usr/bin/ninja cmTC_9f460 && [1/2] Building C object CMakeFiles/cmTC_9f460.dir/src.c.obj
[2/2] Linking C executable cmTC_9f460
Memory region         Used Size  Region Size  %age Used


Source file was:
int main(void) { return 0; }
